2003.12.11 16:38 B C:\My Documents\cantonese-website\public_html\simplified\6th_Yue_Conf_contents.html <-- cantonese /user5/cantones/public_html/simplified 6th_Yue_Conf_contents.html
2003.12.11 16:38 B C:\My Documents\cantonese-website\public_html\simplified\8th_Yue_Conf_contents.html <-- cantonese /user5/cantones/public_html/simplified 8th_Yue_Conf_contents.html
2003.12.11 16:38 B C:\My Documents\cantonese-website\public_html\simplified\baiwrgb.html <-- cantonese /user5/cantones/public_html/simplified baiwrgb.html
2003.12.11 16:38 B C:\My Documents\cantonese-website\public_html\simplified\bauerrgb.html <-- cantonese /user5/cantones/public_html/simplified bauerrgb.html
2003.12.11 16:38 B C:\My Documents\cantonese-website\public_html\simplified\chaoyrgb.html <-- cantonese /user5/cantones/public_html/simplified chaoyrgb.html
2003.12.11 16:38 B C:\My Documents\cantonese-website\public_html\simplified\chenhygb.html <-- cantonese /user5/cantones/public_html/simplified chenhygb.html
2003.12.11 16:38 B C:\My Documents\cantonese-website\public_html\simplified\chenlgb.html <-- cantonese /user5/cantones/public_html/simplified chenlgb.html
2003.12.11 16:38 B C:\My Documents\cantonese-website\public_html\simplified\cheuhngb.html <-- cantonese /user5/cantones/public_html/simplified cheuhngb.html
2003.12.11 16:38 B C:\My Documents\cantonese-website\public_html\simplified\cheukhgb.html <-- cantonese /user5/cantones/public_html/simplified cheukhgb.html
2003.12.11 16:38 B C:\My Documents\cantonese-website\public_html\simplified\cheuysgb.html <-- cantonese /user5/cantones/public_html/simplified cheuysgb.html
2003.12.11 16:38 B C:\My Documents\cantonese-website\public_html\simplified\chishigb.html <-- cantonese /user5/cantones/public_html/simplified chishigb.html
2003.12.11 16:38 B C:\My Documents\cantonese-website\public_html\simplified\detail_gb.php <-- cantonese /user5/cantones/public_html/simplified detail_gb.php
2003.12.11 16:38 B C:\My Documents\cantonese-website\public_html\simplified\gaohngb.html <-- cantonese /user5/cantones/public_html/simplified gaohngb.html
2003.12.11 16:38 B C:\My Documents\cantonese-website\public_html\simplified\gdyfygb.html <-- cantonese /user5/cantones/public_html/simplified gdyfygb.html
2003.12.11 16:38 B C:\My Documents\cantonese-website\public_html\simplified\gsgzhgb.html <-- cantonese /user5/cantones/public_html/simplified gsgzhgb.html
2003.12.11 16:38 B C:\My Documents\cantonese-website\public_html\simplified\gzdcyjgb.html <-- cantonese /user5/cantones/public_html/simplified gzdcyjgb.html
2003.12.11 16:38 B C:\My Documents\cantonese-website\public_html\simplified\gzfycdgb.html <-- cantonese /user5/cantones/public_html/simplified gzfycdgb.html
2003.12.11 16:38 B C:\My Documents\cantonese-website\public_html\simplified\gzhcdgb.html <-- cantonese /user5/cantones/public_html/simplified gzhcdgb.html
2003.12.11 16:38 B C:\My Documents\cantonese-website\public_html\simplified\gzhyylgb.html <-- cantonese /user5/cantones/public_html/simplified gzhyylgb.html
2003.12.11 16:38 B C:\My Documents\cantonese-website\public_html\simplified\gzybzgb.html <-- cantonese /user5/cantones/public_html/simplified gzybzgb.html
2003.12.11 16:38 B C:\My Documents\cantonese-website\public_html\simplified\gzysgb.html <-- cantonese /user5/cantones/public_html/simplified gzysgb.html
2003.12.11 16:38 B C:\My Documents\cantonese-website\public_html\simplified\huabrgb.html <-- cantonese /user5/cantones/public_html/simplified huabrgb.html
2003.12.11 16:38 B C:\My Documents\cantonese-website\public_html\simplified\huajjgb.html <-- cantonese /user5/cantones/public_html/simplified huajjgb.html
2003.12.11 16:38 B C:\My Documents\cantonese-website\public_html\simplified\index.html <-- cantonese /user5/cantones/public_html/simplified index.html
2003.12.11 16:38 B C:\My Documents\cantonese-website\public_html\simplified\index2.html <-- cantonese /user5/cantones/public_html/simplified index2.html
2003.12.11 16:38 B C:\My Documents\cantonese-website\public_html\simplified\kwokhgb.html <-- cantonese /user5/cantones/public_html/simplified kwokhgb.html
2003.12.11 16:38 B C:\My Documents\cantonese-website\public_html\simplified\kycyjgb.html <-- cantonese /user5/cantones/public_html/simplified kycyjgb.html
2003.12.11 16:38 B C:\My Documents\cantonese-website\public_html\simplified\left.html <-- cantonese /user5/cantones/public_html/simplified left.html
2003.12.11 16:38 B C:\My Documents\cantonese-website\public_html\simplified\left2.html <-- cantonese /user5/cantones/public_html/simplified left2.html
2003.12.11 16:38 B C:\My Documents\cantonese-website\public_html\simplified\lixkgb.html <-- cantonese /user5/cantones/public_html/simplified lixkgb.html
2003.12.11 16:38 B C:\My Documents\cantonese-website\public_html\simplified\lukekkgb.html <-- cantonese /user5/cantones/public_html/simplified lukekkgb.html
2003.12.11 16:38 B C:\My Documents\cantonese-website\public_html\simplified\lwj1gb.html <-- cantonese /user5/cantones/public_html/simplified lwj1gb.html
2003.12.11 16:38 B C:\My Documents\cantonese-website\public_html\simplified\lwj2gb.html <-- cantonese /user5/cantones/public_html/simplified lwj2gb.html
2003.12.11 16:38 B C:\My Documents\cantonese-website\public_html\simplified\lwj3gb.html <-- cantonese /user5/cantones/public_html/simplified lwj3gb.html
2003.12.11 16:38 B C:\My Documents\cantonese-website\public_html\simplified\lwj5gb.html <-- cantonese /user5/cantones/public_html/simplified lwj5gb.html
2003.12.11 16:38 B C:\My Documents\cantonese-website\public_html\simplified\lwj6gb.html <-- cantonese /user5/cantones/public_html/simplified lwj6gb.html
2003.12.11 16:38 B C:\My Documents\cantonese-website\public_html\simplified\lwj7gb.html <-- cantonese /user5/cantones/public_html/simplified lwj7gb.html
2003.12.11 16:38 B C:\My Documents\cantonese-website\public_html\simplified\maiygb.html <-- cantonese /user5/cantones/public_html/simplified maiygb.html
2003.12.11 16:38 B C:\My Documents\cantonese-website\public_html\simplified\menu.js <-- cantonese /user5/cantones/public_html/simplified menu.js
2003.12.11 16:38 B C:\My Documents\cantonese-website\public_html\simplified\ouyajygb.html <-- cantonese /user5/cantones/public_html/simplified ouyajygb.html
2003.12.11 16:39 B C:\My Documents\cantonese-website\public_html\simplified\raobcgb.html <-- cantonese /user5/cantones/public_html/simplified raobcgb.html
2003.12.11 16:39 B C:\My Documents\cantonese-website\public_html\simplified\right.html <-- cantonese /user5/cantones/public_html/simplified right.html
2003.12.11 16:39 B C:\My Documents\cantonese-website\public_html\simplified\right0.html <-- cantonese /user5/cantones/public_html/simplified right0.html
2003.12.11 16:39 B C:\My Documents\cantonese-website\public_html\simplified\right1.html <-- cantonese /user5/cantones/public_html/simplified right1.html
2003.12.11 16:39 B C:\My Documents\cantonese-website\public_html\simplified\right2.html <-- cantonese /user5/cantones/public_html/simplified right2.html
2003.12.11 16:39 B C:\My Documents\cantonese-website\public_html\simplified\right3.html <-- cantonese /user5/cantones/public_html/simplified right3.html
2003.12.11 16:39 B C:\My Documents\cantonese-website\public_html\simplified\right31.html <-- cantonese /user5/cantones/public_html/simplified right31.html
2003.12.11 16:39 B C:\My Documents\cantonese-website\public_html\simplified\right311.html <-- cantonese /user5/cantones/public_html/simplified right311.html
2003.12.11 16:39 B C:\My Documents\cantonese-website\public_html\simplified\right32.html <-- cantonese /user5/cantones/public_html/simplified right32.html
2003.12.11 16:39 B C:\My Documents\cantonese-website\public_html\simplified\right321.html <-- cantonese /user5/cantones/public_html/simplified right321.html
2003.12.11 16:39 B C:\My Documents\cantonese-website\public_html\simplified\right3210.html <-- cantonese /user5/cantones/public_html/simplified right3210.html
2003.12.11 16:39 B C:\My Documents\cantonese-website\public_html\simplified\right3211.html <-- cantonese /user5/cantones/public_html/simplified right3211.html
2003.12.11 16:39 B C:\My Documents\cantonese-website\public_html\simplified\right3212.html <-- cantonese /user5/cantones/public_html/simplified right3212.html
2003.12.11 16:39 B C:\My Documents\cantonese-website\public_html\simplified\right322.html <-- cantonese /user5/cantones/public_html/simplified right322.html
2003.12.11 16:39 B C:\My Documents\cantonese-website\public_html\simplified\right323.html <-- cantonese /user5/cantones/public_html/simplified right323.html
2003.12.11 16:39 B C:\My Documents\cantonese-website\public_html\simplified\right324.html <-- cantonese /user5/cantones/public_html/simplified right324.html
2003.12.11 16:39 B C:\My Documents\cantonese-website\public_html\simplified\right325.html <-- cantonese /user5/cantones/public_html/simplified right325.html
2003.12.11 16:39 B C:\My Documents\cantonese-website\public_html\simplified\right33.html <-- cantonese /user5/cantones/public_html/simplified right33.html
2003.12.11 16:39 B C:\My Documents\cantonese-website\public_html\simplified\right331.html <-- cantonese /user5/cantones/public_html/simplified right331.html
2003.12.11 16:39 B C:\My Documents\cantonese-website\public_html\simplified\right332.html <-- cantonese /user5/cantones/public_html/simplified right332.html
2003.12.11 16:39 B C:\My Documents\cantonese-website\public_html\simplified\right34.html <-- cantonese /user5/cantones/public_html/simplified right34.html
2003.12.11 16:39 B C:\My Documents\cantonese-website\public_html\simplified\right4.html <-- cantonese /user5/cantones/public_html/simplified right4.html
2003.12.11 16:39 B C:\My Documents\cantonese-website\public_html\simplified\right5.html <-- cantonese /user5/cantones/public_html/simplified right5.html
2003.12.11 16:39 B C:\My Documents\cantonese-website\public_html\simplified\search_gb.php <-- cantonese /user5/cantones/public_html/simplified search_gb.php
2003.12.11 16:39 B C:\My Documents\cantonese-website\public_html\simplified\sinchygb.html <-- cantonese /user5/cantones/public_html/simplified sinchygb.html
2003.12.11 16:39 B C:\My Documents\cantonese-website\public_html\simplified\sjzchgb.html <-- cantonese /user5/cantones/public_html/simplified sjzchgb.html
2003.12.11 16:39 B C:\My Documents\cantonese-website\public_html\simplified\sjzzsgb.html <-- cantonese /user5/cantones/public_html/simplified sjzzsgb.html
2003.12.11 16:39 B C:\My Documents\cantonese-website\public_html\simplified\sjzzygb.html <-- cantonese /user5/cantones/public_html/simplified sjzzygb.html
2003.12.11 16:39 B C:\My Documents\cantonese-website\public_html\simplified\style.css <-- cantonese /user5/cantones/public_html/simplified style.css
2003.12.11 16:39 B C:\My Documents\cantonese-website\public_html\simplified\t.gif <-- cantonese /user5/cantones/public_html/simplified t.gif
2003.12.11 16:39 B C:\My Documents\cantonese-website\public_html\simplified\wanglgb.html <-- cantonese /user5/cantones/public_html/simplified wanglgb.html
2003.12.11 16:39 B C:\My Documents\cantonese-website\public_html\simplified\wongslgb.html <-- cantonese /user5/cantones/public_html/simplified wongslgb.html
2003.12.11 16:39 B C:\My Documents\cantonese-website\public_html\simplified\xgyfyjgb.html <-- cantonese /user5/cantones/public_html/simplified xgyfyjgb.html
2003.12.11 16:39 B C:\My Documents\cantonese-website\public_html\simplified\ybyfygb.html <-- cantonese /user5/cantones/public_html/simplified ybyfygb.html
2003.12.11 16:39 B C:\My Documents\cantonese-website\public_html\simplified\yqcyjgb.html <-- cantonese /user5/cantones/public_html/simplified yqcyjgb.html
2003.12.11 16:39 B C:\My Documents\cantonese-website\public_html\simplified\yueokgb.html <-- cantonese /user5/cantones/public_html/simplified yueokgb.html
2003.12.11 16:39 B C:\My Documents\cantonese-website\public_html\simplified\yxyfygb.html <-- cantonese /user5/cantones/public_html/simplified yxyfygb.html
2003.12.11 16:39 B C:\My Documents\cantonese-website\public_html\simplified\yyjcyjgb.html <-- cantonese /user5/cantones/public_html/simplified yyjcyjgb.html
2003.12.11 16:39 B C:\My Documents\cantonese-website\public_html\simplified\yyyhgb.html <-- cantonese /user5/cantones/public_html/simplified yyyhgb.html
2003.12.11 16:39 B C:\My Documents\cantonese-website\public_html\simplified\zhanbhgb.html <-- cantonese /user5/cantones/public_html/simplified zhanbhgb.html
2003.12.11 16:39 B C:\My Documents\cantonese-website\public_html\simplified\zhanxcgb.html <-- cantonese /user5/cantones/public_html/simplified zhanxcgb.html
2003.12.11 20:59 B C:\My Documents\cantonese-website\public_html\simplified\8th_Yue_Conf_contents.html --> hkusub.hku.hk /user5/cantones/public_html/simplified 8th_Yue_Conf_contents.html
2003.12.11 20:59 B C:\My Documents\cantonese-website\public_html\simplified\6th_Yue_Conf_contents.html --> hkusub.hku.hk /user5/cantones/public_html/simplified 6th_Yue_Conf_contents.html
2004.01.28 17:59 B C:\My Documents\cantonese-website\public_html\simplified\right.html --> hkusub.hku.hk /user5/cantones/public_html/simplified right.html
2004.01.28 18:05 B C:\My Documents\cantonese-website\public_html\simplified\right.html --> hkusub.hku.hk /user5/cantones/public_html/simplified right.html
2005.03.30 16:18 B C:\My Documents\cantonese-website\public_html\simplified\right5.html --> hkusub.hku.hk /disk2/user5/cantones/public_html/simplified right5.html
2005.07.12 21:17 B C:\My Documents\cantonese-website\public_html\simplified\right.html --> hkusub.hku.hk /disk2/user5/cantones/public_html/simplified right.html
2005.08.11 11:34 B C:\My Documents\cantonese-website\public_html\simplified\right.html --> hkusub.hku.hk /disk2/user5/cantones/public_html/simplified right.html
2006.02.27 11:32 B C:\My Documents\cantonese-website\public_html\simplified\right.html --> hkusub.hku.hk /disk2/user5/cantones/public_html/simplified right.html
2006.02.27 11:38 B C:\My Documents\cantonese-website\public_html\simplified\right.html --> hkusub.hku.hk /disk2/user5/cantones/public_html/simplified right.html
2006.03.23 14:38 B C:\My Documents\cantonese-website\public_html\simplified\right.html --> hkusub.hku.hk /disk2/user5/cantones/public_html/simplified right.html
2006.03.23 14:54 B C:\My Documents\cantonese-website\public_html\simplified\right.html --> hkusub.hku.hk /disk2/user5/cantones/public_html/simplified right.html
2006.03.28 14:44 B C:\My Documents\cantonese-website\public_html\simplified\right-bkp-28-03-2006.html --> hkusub.hku.hk /disk2/user5/cantones/public_html/simplified right-bkp-28-03-2006.html
2006.03.28 14:44 B C:\My Documents\cantonese-website\public_html\simplified\right.html --> hkusub.hku.hk /disk2/user5/cantones/public_html/simplified right.html
2006.04.06 17:56 B C:\My Documents\cantonese-website\public_html\simplified\right.html --> hkusub.hku.hk /disk2/user5/cantones/public_html/simplified right.html
2006.09.22 17:21 B C:\My Documents\cantonese-website\public_html\simplified\right.html --> hkusub.hku.hk /disk2/user5/cantones/public_html/simplified right.html
2006.09.22 17:40 B C:\My Documents\cantonese-website\public_html\simplified\right.html --> hkusub.hku.hk /disk2/user5/cantones/public_html/simplified right.html
2006.09.22 17:41 B C:\My Documents\cantonese-website\public_html\simplified\right.html --> hkusub.hku.hk /disk2/user5/cantones/public_html/simplified right.html
2006.09.22 17:41 B C:\My Documents\cantonese-website\public_html\simplified\right.html --> hkusub.hku.hk /disk2/user5/cantones/public_html/simplified right.html
2006.09.22 17:43 B C:\My Documents\cantonese-website\public_html\simplified\right.html --> hkusub.hku.hk /disk2/user5/cantones/public_html/simplified right.html
2006.09.22 17:44 B C:\My Documents\cantonese-website\public_html\simplified\right.html --> hkusub.hku.hk /disk2/user5/cantones/public_html/simplified right.html
